<?xml version="1.0" encoding="UTF-8"?>
<!-- Generated by org.testng.reporters.JUnitReportReporter -->
<testsuite name="com.pagelibrary.com.ranfordBank.TestExecution" tests="5" time="29.578" ignored="0" failures="0" timestamp="10 Dec 2018 11:54:15 GMT" skipped="0" hostname="Admin-PC" errors="0">
  <testcase name="verifyLaunch" time="11.234" classname="com.pagelibrary.com.ranfordBank.TestExecution"/>
  <testcase name="verifyLaunchAdminPage" time="1.349" classname="com.pagelibrary.com.ranfordBank.TestExecution"/>
  <testcase name="verifyBranchSearch" time="3.221" classname="com.pagelibrary.com.ranfordBank.TestExecution"/>
  <testcase name="verifyNewBranchCreation" time="10.799" classname="com.pagelibrary.com.ranfordBank.TestExecution"/>
  <testcase name="verifyLogin" time="2.975" classname="com.pagelibrary.com.ranfordBank.TestExecution"/>
</testsuite> <!-- com.pagelibrary.com.ranfordBank.TestExecution -->
